<?xml version="1.0" encoding="UTF-8"?>
<testng-results skipped="0" failed="0" total="1" passed="1">
  <reporter-output>
  </reporter-output>
  <suite name="Default suite" duration-ms="163614" started-at="2016-08-06T05:47:34Z" finished-at="2016-08-06T05:50:17Z">
    <groups>
    </groups>
    <test name="Default test" duration-ms="163614" started-at="2016-08-06T05:47:34Z" finished-at="2016-08-06T05:50:17Z">
      <class name="testcases.TC001">
        <test-method status="PASS" signature="beforeSuite()[pri:0, instance:testcases.TC001@feb3fa]" name="beforeSuite" is-config="true" duration-ms="1289" started-at="2016-08-06T11:17:33Z" finished-at="2016-08-06T11:17:34Z">
          <reporter-output>
          </reporter-output>
        </test-method> <!-- beforeSuite -->
        <test-method status="PASS" signature="beforeTest()[pri:0, instance:testcases.TC001@feb3fa]" name="beforeTest" is-config="true" duration-ms="0" started-at="2016-08-06T11:17:34Z" finished-at="2016-08-06T11:17:34Z">
          <reporter-output>
          </reporter-output>
        </test-method> <!-- beforeTest -->
        <test-method status="PASS" signature="startTestCase()[pri:0, instance:testcases.TC001@feb3fa]" name="startTestCase" is-config="true" duration-ms="0" started-at="2016-08-06T11:17:34Z" finished-at="2016-08-06T11:17:34Z">
          <reporter-output>
          </reporter-output>
        </test-method> <!-- startTestCase -->
        <test-method status="PASS" signature="beforeMethod()[pri:0, instance:testcases.TC001@feb3fa]" name="beforeMethod" is-config="true" duration-ms="61525" started-at="2016-08-06T11:17:34Z" finished-at="2016-08-06T11:18:35Z">
          <reporter-output>
          </reporter-output>
        </test-method> <!-- beforeMethod -->
        <test-method status="PASS" signature="validateSignUp()[pri:0, instance:testcases.TC001@feb3fa]" name="validateSignUp" duration-ms="87507" started-at="2016-08-06T11:18:35Z" finished-at="2016-08-06T11:20:03Z">
          <reporter-output>
          </reporter-output>
        </test-method> <!-- validateSignUp -->
        <test-method status="PASS" signature="afterMethod()[pri:0, instance:testcases.TC001@feb3fa]" name="afterMethod" is-config="true" duration-ms="14546" started-at="2016-08-06T11:20:03Z" finished-at="2016-08-06T11:20:17Z">
          <reporter-output>
          </reporter-output>
        </test-method> <!-- afterMethod -->
        <test-method status="PASS" signature="afterTest()[pri:0, instance:testcases.TC001@feb3fa]" name="afterTest" is-config="true" duration-ms="0" started-at="2016-08-06T11:20:17Z" finished-at="2016-08-06T11:20:17Z">
          <reporter-output>
          </reporter-output>
        </test-method> <!-- afterTest -->
        <test-method status="PASS" signature="afterSuite()[pri:0, instance:testcases.TC001@feb3fa]" name="afterSuite" is-config="true" duration-ms="5175" started-at="2016-08-06T11:20:18Z" finished-at="2016-08-06T11:20:23Z">
          <reporter-output>
          </reporter-output>
        </test-method> <!-- afterSuite -->
      </class> <!-- testcases.TC001 -->
    </test> <!-- Default test -->
  </suite> <!-- Default suite -->
</testng-results>
